// Generated by Lisette bindgen
// Source: maps (Go stdlib)
// Go: 1.25.5
// Lisette: 0.1.20

import "go:iter"

// SKIPPED: All - constraint:union
// type constraint Map cannot be represented

// SKIPPED: Clone - constraint:union
// type constraint M cannot be represented

/// Collect collects key-value pairs from seq into a new map
/// and returns it.
pub fn Collect<K: Comparable, V>(seq: iter.Seq2<K, V>) -> Map<K, V>

// SKIPPED: Copy - constraint:union
// type constraint M1 cannot be represented

// SKIPPED: DeleteFunc - constraint:union
// type constraint M cannot be represented

// SKIPPED: Equal - constraint:union
// type constraint M1 cannot be represented

// SKIPPED: EqualFunc - constraint:union
// type constraint M1 cannot be represented

// SKIPPED: Insert - constraint:union
// type constraint Map cannot be represented

// SKIPPED: Keys - constraint:union
// type constraint Map cannot be represented

// SKIPPED: Values - constraint:union
// type constraint Map cannot be represented
